\BOOKMARK [0][-]{chapter*.1}{Acknowledgments}{}% 1
\BOOKMARK [0][-]{chapter*.2}{Abstract}{}% 2
\BOOKMARK [0][-]{chapter*.3}{Resumo}{}% 3
\BOOKMARK [0][-]{chapter*.6}{List of Figures}{}% 4
\BOOKMARK [0][-]{chapter*.7}{List of Tables}{}% 5
\BOOKMARK [0][-]{section*.8}{Acronyms}{}% 6
\BOOKMARK [0][-]{chapter.1}{1 Introduction}{}% 7
\BOOKMARK [1][-]{section.1.1}{1.1 Background}{chapter.1}% 8
\BOOKMARK [2][-]{subsection.1.1.1}{1.1.1 Global Registry}{section.1.1}% 9
\BOOKMARK [2][-]{subsection.1.1.2}{1.1.2 Domain Registry}{section.1.1}% 10
\BOOKMARK [2][-]{subsection.1.1.3}{1.1.3 Local Registry}{section.1.1}% 11
\BOOKMARK [1][-]{section.1.2}{1.2 Proposed Solution}{chapter.1}% 12
\BOOKMARK [1][-]{section.1.3}{1.3 Thesis Contribution}{chapter.1}% 13
\BOOKMARK [1][-]{section.1.4}{1.4 Outline}{chapter.1}% 14
\BOOKMARK [0][-]{chapter.2}{2 Related Work}{}% 15
\BOOKMARK [1][-]{section.2.1}{2.1 P2P Networks}{chapter.2}% 16
\BOOKMARK [2][-]{subsection.2.1.1}{2.1.1 Unstructured}{section.2.1}% 17
\BOOKMARK [2][-]{subsection.2.1.2}{2.1.2 Structured}{section.2.1}% 18
\BOOKMARK [2][-]{subsection.2.1.3}{2.1.3 Kademlia}{section.2.1}% 19
\BOOKMARK [1][-]{section.2.2}{2.2 DHT security considerations}{chapter.2}% 20
\BOOKMARK [2][-]{subsection.2.2.1}{2.2.1 Routing Attacks}{section.2.2}% 21
\BOOKMARK [2][-]{subsection.2.2.2}{2.2.2 Storage and Retrieval Attacks}{section.2.2}% 22
\BOOKMARK [2][-]{subsection.2.2.3}{2.2.3 Sybil Attack}{section.2.2}% 23
\BOOKMARK [2][-]{subsection.2.2.4}{2.2.4 Eclipse Attack}{section.2.2}% 24
\BOOKMARK [1][-]{section.2.3}{2.3 Public Key Infrastructure}{chapter.2}% 25
\BOOKMARK [2][-]{subsection.2.3.1}{2.3.1 Certificate Authorities}{section.2.3}% 26
\BOOKMARK [2][-]{subsection.2.3.2}{2.3.2 Web Of Trust}{section.2.3}% 27
\BOOKMARK [1][-]{section.2.4}{2.4 Blockchain and the Bitcoin protocol}{chapter.2}% 28
\BOOKMARK [2][-]{subsection.2.4.1}{2.4.1 Block structure}{section.2.4}% 29
\BOOKMARK [2][-]{subsection.2.4.2}{2.4.2 Merkle Trees}{section.2.4}% 30
\BOOKMARK [2][-]{subsection.2.4.3}{2.4.3 Proof of work}{section.2.4}% 31
\BOOKMARK [2][-]{subsection.2.4.4}{2.4.4 Blockchain applications}{section.2.4}% 32
\BOOKMARK [2][-]{subsection.2.4.5}{2.4.5 Smart Contracts}{section.2.4}% 33
\BOOKMARK [2][-]{subsection.2.4.6}{2.4.6 Ethereum}{section.2.4}% 34
\BOOKMARK [0][-]{chapter.3}{3 Architecture}{}% 35
\BOOKMARK [1][-]{section.3.1}{3.1 Distributed Hash Table}{chapter.3}% 36
\BOOKMARK [1][-]{section.3.2}{3.2 Decentralized Public Key Infrastructure}{chapter.3}% 37
\BOOKMARK [1][-]{section.3.3}{3.3 Overlay network processes}{chapter.3}% 38
\BOOKMARK [2][-]{subsection.3.3.1}{3.3.1 Node bootstrap and registration}{section.3.3}% 39
\BOOKMARK [2][-]{subsection.3.3.2}{3.3.2 Node message routing}{section.3.3}% 40
\BOOKMARK [2][-]{subsection.3.3.3}{3.3.3 Users certificates management}{section.3.3}% 41
\BOOKMARK [2][-]{subsection.3.3.4}{3.3.4 Eclipse and Sybil attacks defense}{section.3.3}% 42
\BOOKMARK [2][-]{subsection.3.3.5}{3.3.5 Data replication}{section.3.3}% 43
\BOOKMARK [1][-]{section.3.4}{3.4 Comparison with a CA}{chapter.3}% 44
\BOOKMARK [0][-]{chapter.4}{4 Implementation}{}% 45
\BOOKMARK [1][-]{section.4.1}{4.1 Implementation Options}{chapter.4}% 46
\BOOKMARK [1][-]{section.4.2}{4.2 Architecture}{chapter.4}% 47
\BOOKMARK [0][-]{chapter.5}{5 Evaluation}{}% 48
\BOOKMARK [1][-]{section.5.1}{5.1 Tests Objectives}{chapter.5}% 49
\BOOKMARK [1][-]{section.5.2}{5.2 Tests Scenarios}{chapter.5}% 50
\BOOKMARK [1][-]{section.5.3}{5.3 Test Results}{chapter.5}% 51
\BOOKMARK [0][-]{chapter.6}{6 Conclusions}{}% 52
\BOOKMARK [1][-]{section.6.1}{6.1 Summary}{chapter.6}% 53
\BOOKMARK [1][-]{section.6.2}{6.2 Achievements}{chapter.6}% 54
\BOOKMARK [1][-]{section.6.3}{6.3 Future Work}{chapter.6}% 55
\BOOKMARK [0][-]{appendix.A}{A Vector calculus}{}% 56
\BOOKMARK [1][-]{section.A.1}{A.1 Vector identities}{appendix.A}% 57
\BOOKMARK [0][-]{appendix*.31}{Bibliography}{}% 58
